Build started 1/5/2018 10:46:27 AM.
     1>Project "C:\Users\josef\Documents\Visual Studio 2010\Projects\gg\draw33\draw33\draw33.vcxproj" on node 2 (build target(s)).
     1>InitializeBuildStatus:
         Creating "Debug\draw33.unsuccessfulbuild" because "AlwaysCreate" was specified.
       ClCompile:
         All outputs are up-to-date.
         All outputs are up-to-date.
       ResourceCompile:
         All outputs are up-to-date.
       ManifestResourceCompile:
         All outputs are up-to-date.
       Link:
         All outputs are up-to-date.
       Manifest:
         All outputs are up-to-date.
         All outputs are up-to-date.
       FinalizeBuildStatus:
         Deleting file "Debug\draw33.unsuccessfulbuild".
         Touching "Debug\draw33.lastbuildstate".
     1>Done Building Project "C:\Users\josef\Documents\Visual Studio 2010\Projects\gg\draw33\draw33\draw33.vcxproj" (build target(s)).

Build succeeded.

Time Elapsed 00:00:00.08
